sol = 1:
0 0 0 0 0 0 
0 0 0 0 0 0 
0 0 2 1 0 0 
0 4 3 0 0 0 
0 5 0 0 0 0 
sol = 2:
0 0 0 0 0 0 
0 0 0 0 0 0 
0 0 2 1 0 0 
0 4 3 0 0 0 
0 5 0 0 0 0 
sol = 3:
0 0 0 0 0 0 
0 0 0 0 0 0 
0 3 2 1 0 0 
0 4 0 0 0 0 
0 5 0 0 0 0 
sol = 4:
0 0 0 0 0 0 
0 0 0 0 0 0 
4 3 2 1 0 0 
0 0 0 0 0 0 
0 0 0 0 0 0 
sol = 5:
0 0 0 0 0 0 
0 0 0 0 0 0 
4 3 2 1 0 0 
0 0 0 0 0 0 
0 0 0 0 0 0 
sol = 6:
0 0 0 0 0 0 
0 0 0 0 0 0 
0 3 2 1 0 0 
0 4 0 0 0 0 
0 5 0 0 0 0 
sol = 7:
0 0 0 0 0 0 
0 0 0 0 0 0 
4 3 2 1 0 0 
0 0 0 0 0 0 
0 0 0 0 0 0 
sol = 8:
0 0 0 0 0 0 
0 0 0 0 0 0 
4 3 2 1 0 0 
0 0 0 0 0 0 
0 0 0 0 0 0 
sol = 9:
0 0 0 0 0 0 
0 0 0 0 0 0 
0 0 2 1 0 0 
0 4 3 0 0 0 
0 5 0 0 0 0 
sol = 10:
0 0 0 0 0 0 
0 0 0 0 0 0 
0 0 2 1 0 0 
0 4 3 0 0 0 
0 5 0 0 0 0 
sol = 11:
0 0 0 0 0 0 
0 0 0 0 0 0 
0 3 2 1 0 0 
0 4 0 0 0 0 
0 5 0 0 0 0 
sol = 12:
0 0 0 0 0 0 
0 0 0 0 0 0 
4 3 2 1 0 0 
0 0 0 0 0 0 
0 0 0 0 0 0 
sol = 13:
0 0 0 0 0 0 
0 0 0 0 0 0 
4 3 2 1 0 0 
0 0 0 0 0 0 
0 0 0 0 0 0 
sol = 14:
0 0 0 0 0 0 
0 0 0 0 0 0 
0 3 2 1 0 0 
0 4 0 0 0 0 
0 5 0 0 0 0 
sol = 15:
0 0 0 0 0 0 
0 0 0 0 0 0 
4 3 2 1 0 0 
0 0 0 0 0 0 
0 0 0 0 0 0 
sol = 16:
0 0 0 0 0 0 
0 0 0 0 0 0 
4 3 2 1 0 0 
0 0 0 0 0 0 
0 0 0 0 0 0 
